<?xml version="1.0" encoding="UTF-8" standalone="yes"?>
<testsuites time="0.0" tests="1" failures="0" errors="1">
    <testsuite name="GraphWalker" tests="1" failures="0" errors="1" time="0.0" timestamp="2020-10-26T19:17:27">
        <properties>
[...]
</properties>
        <testcase name="LoginTest" time="0.0" classname="org.myorg.testautomation.LoginTest">
            <error type="java.lang.reflect.InvocationTargetException">
                java.lang.reflect.InvocationTargetException&#13;
                	at java.base/jdk.internal.reflect.NativeMethodAccessorImpl.invoke0(Native Method)&#13;
                	at java.base/jdk.internal.reflect.NativeMethodAccessorImpl.invoke(NativeMethodAccessorImpl.java:62)&#13;
                	at java.base/jdk.internal.reflect.DelegatingMethodAccessorImpl.invoke(DelegatingMethodAccessorImpl.java:43)&#13;
                	at java.base/java.lang.reflect.Method.invoke(Method.java:564)&#13;
                	at org.graphwalker.core.machine.ExecutionContext.execute(ExecutionContext.java:257)&#13;
                	at org.graphwalker.core.machine.SimpleMachine.execute(SimpleMachine.java:282)&#13;
                	at org.graphwalker.core.machine.SimpleMachine.getNextStep(SimpleMachine.java:105)&#13;
                	at org.graphwalker.java.test.TestExecutor.execute(TestExecutor.java:249)&#13;
                	at java.base/jdk.internal.reflect.NativeMethodAccessorImpl.invoke0(Native Method)&#13;
                	at java.base/jdk.internal.reflect.NativeMethodAccessorImpl.invoke(NativeMethodAccessorImpl.java:62)&#13;
                	at java.base/jdk.internal.reflect.DelegatingMethodAccessorImpl.invoke(DelegatingMethodAccessorImpl.java:43)&#13;
                	at java.base/java.lang.reflect.Method.invoke(Method.java:564)&#13;
                	at org.graphwalker.java.test.Reflections.invoke(Reflections.java:73)&#13;
                	at org.graphwalker.java.test.Reflector.execute(Reflector.java:123)&#13;
                	at org.graphwalker.maven.plugin.TestMojo.execute(TestMojo.java:161)&#13;
                	at org.apache.maven.plugin.DefaultBuildPluginManager.executeMojo(DefaultBuildPluginManager.java:137)&#13;
                	at org.apache.maven.lifecycle.internal.MojoExecutor.execute(MojoExecutor.java:210)&#13;
                	at org.apache.maven.lifecycle.internal.MojoExecutor.execute(MojoExecutor.java:156)&#13;
                	at org.apache.maven.lifecycle.internal.MojoExecutor.execute(MojoExecutor.java:148)&#13;
                	at org.apache.maven.lifecycle.internal.LifecycleModuleBuilder.buildProject(LifecycleModuleBuilder.java:117)&#13;
                	at org.apache.maven.lifecycle.internal.LifecycleModuleBuilder.buildProject(LifecycleModuleBuilder.java:81)&#13;
                	at org.apache.maven.lifecycle.internal.builder.singlethreaded.SingleThreadedBuilder.build(SingleThreadedBuilder.java:56)&#13;
                	at org.apache.maven.lifecycle.internal.LifecycleStarter.execute(LifecycleStarter.java:128)&#13;
                	at org.apache.maven.DefaultMaven.doExecute(DefaultMaven.java:305)&#13;
                	at org.apache.maven.DefaultMaven.doExecute(DefaultMaven.java:192)&#13;
                	at org.apache.maven.DefaultMaven.execute(DefaultMaven.java:105)&#13;
                	at org.apache.maven.cli.MavenCli.execute(MavenCli.java:957)&#13;
                	at org.apache.maven.cli.MavenCli.doMain(MavenCli.java:289)&#13;
                	at org.apache.maven.cli.MavenCli.main(MavenCli.java:193)&#13;
                	at java.base/jdk.internal.reflect.NativeMethodAccessorImpl.invoke0(Native Method)&#13;
                	at java.base/jdk.internal.reflect.NativeMethodAccessorImpl.invoke(NativeMethodAccessorImpl.java:62)&#13;
                	at java.base/jdk.internal.reflect.DelegatingMethodAccessorImpl.invoke(DelegatingMethodAccessorImpl.java:43)&#13;
                	at java.base/java.lang.reflect.Method.invoke(Method.java:564)&#13;
                	at org.codehaus.plexus.classworlds.launcher.Launcher.launchEnhanced(Launcher.java:282)&#13;
                	at org.codehaus.plexus.classworlds.launcher.Launcher.launch(Launcher.java:225)&#13;
                	at org.codehaus.plexus.classworlds.launcher.Launcher.mainWithExitCode(Launcher.java:406)&#13;
                	at org.codehaus.plexus.classworlds.launcher.Launcher.main(Launcher.java:347)&#13;
                	at org.codehaus.classworlds.Launcher.main(Launcher.java:47)&#13;
                Caused by: org.junit.ComparisonFailure: expected:&lt;[https://apt-public.appspot.com/testing-lab-login.html]&gt; but was:&lt;[face]&gt;&#13;
                	at org.junit.Assert.assertEquals(Assert.java:115)&#13;
                	at org.junit.Assert.assertEquals(Assert.java:144)&#13;
                	at org.myorg.testautomation.LoginTest.v_LoginPage(LoginTest.java:42)&#13;
                	... 38 more&#13;
</error>
        </testcase>
    </testsuite>
</testsuites>
